<?xml version="1.0" encoding="UTF-8"?>
<testng-results ignored="0" total="1" passed="1" failed="0" skipped="0">
  <reporter-output>
  </reporter-output>
  <suite started-at="2022-12-09T10:52:15 IST" name="Default suite" finished-at="2022-12-09T10:52:19 IST" duration-ms="4568">
    <groups>
    </groups>
    <test started-at="2022-12-09T10:52:15 IST" name="Default test" finished-at="2022-12-09T10:52:19 IST" duration-ms="4568">
      <class name="practise.Code8">
        <test-method signature="test1()[pri:0, instance:practise.Code8@3246fb96]" started-at="2022-12-09T10:52:15 IST" name="test1" finished-at="2022-12-09T10:52:19 IST" duration-ms="4539" status="PASS">
          <reporter-output>
          </reporter-output>
        </test-method> <!-- test1 -->
      </class> <!-- practise.Code8 -->
    </test> <!-- Default test -->
  </suite> <!-- Default suite -->
</testng-results>
